<?xml version="1.0" encoding="UTF-8"?>
<!-- Generated by org.testng.reporters.JUnitReportReporter -->
<testsuite hostname="LAPTOP-QLGVSIUB" failures="0" tests="1" name="projectPageObjectModel.PageObjectModel" time="2.398" errors="0" timestamp="2024-11-15T18:55:16 IST" skipped="0">
  <testcase classname="projectPageObjectModel.PageObjectModel" name="f" time="2.398"/>
</testsuite> <!-- projectPageObjectModel.PageObjectModel -->
