<?xml version="1.0" encoding="UTF-8"?>
<!-- Generated by org.testng.reporters.JUnitReportReporter -->
<testsuite hostname="LAPTOP-QLGVSIUB" failures="0" tests="1"
	name="webtest.HrmApp" time="0.000" errors="0"
	timestamp="2024-11-11T21:24:19 IST" skipped="1">
	<testcase classname="webtest.HrmApp" name="tetsLogin" time="0.000">
		<skipped />
	</testcase> <!-- tetsLogin -->
	<system-out />
</testsuite> <!-- webtest.HrmApp -->
