<?xml version="1.0" encoding="UTF-8"?>
<!-- Generated by org.testng.reporters.JUnitReportReporter -->
<testsuite hostname="LAPTOP-QLGVSIUB" failures="0" tests="4" name="webTest.DashboardPageTest" time="12.143" errors="0" timestamp="2024-11-16T00:16:36 IST" skipped="0">
  <testcase classname="webTest.DashboardPageTest" name="verifyAdmin" time="2.164"/>
  <system-out/>
  <testcase classname="webTest.DashboardPageTest" name="VerifySearchWithUsername" time="4.002"/>
  <system-out/>
  <testcase classname="webTest.DashboardPageTest" name="VerifySerchWithUserRole" time="2.933"/>
  <system-out/>
  <testcase classname="webTest.DashboardPageTest" name="VerifySerchWithUserStatus" time="3.044"/>
  <system-out/>
</testsuite> <!-- webTest.DashboardPageTest -->
