<?xml version="1.0" encoding="UTF-8"?>
<!-- Generated by org.testng.reporters.JUnitReportReporter -->
<testsuite hostname="LAPTOP-QLGVSIUB" failures="0" tests="1" name="webtest.ExcelReader" time="0.650" errors="0" timestamp="2024-11-16T08:36:40 IST" skipped="0">
  <testcase classname="webtest.ExcelReader" name="dataRead" time="0.650"/>
  <system-out/>
</testsuite> <!-- webtest.ExcelReader -->
