<?xml version="1.0" encoding="UTF-8"?>
<!-- Generated by org.testng.reporters.JUnitReportReporter -->
<testsuite hostname="LAPTOP-QLGVSIUB" failures="0" tests="1"
	name="project_Tapan.DataDrivenTest" time="16.373" errors="0"
	timestamp="2024-11-07T18:57:09 IST" skipped="0">
	<testcase classname="project_Tapan.DataDrivenTest" name="testdatadriven"
		time="16.373" />
	<system-out />
</testsuite> <!-- project_Tapan.DataDrivenTest -->
